{
  "stats": {
    "suites": 1,
    "tests": 1,
    "passes": 0,
    "pending": 0,
    "failures": 1,
    "start": "2023-02-17T05:01:28.592Z",
    "end": "2023-02-17T05:01:34.819Z",
    "duration": 6227,
    "testsRegistered": 1,
    "passPercent": 0,
    "pendingPercent": 0,
    "other": 0,
    "hasOther": false,
    "skipped": 0,
    "hasSkipped": false
  },
  "results": [
    {
      "uuid": "67279661-6f57-48f2-847c-cc40ac770486",
      "title": "",
      "fullFile": "cypress\\e2e\\VerifyCheckoutOverview.cy.js",
      "file": "cypress\\e2e\\VerifyCheckoutOverview.cy.js",
      "beforeHooks": [],
      "afterHooks": [],
      "tests": [],
      "suites": [
        {
          "uuid": "37ce0721-183b-4dc3-9bdf-e64ee29cd09e",
          "title": "Test suite",
          "fullFile": "",
          "file": "",
          "beforeHooks": [],
          "afterHooks": [],
          "tests": [
            {
              "title": "VerifyUserInformation",
              "fullTitle": "Test suite VerifyUserInformation",
              "timedOut": null,
              "duration": 3711,
              "state": "failed",
              "speed": null,
              "pass": false,
              "fail": true,
              "pending": false,
              "context": null,
              "code": "hp.login(this.data.userName, this.data.password);\nhpp.addTwoProducts();\ncp.getCart().click();\ncp.clickCheckOut().click();\nup.enterFirstname().type(this.data1.Firstname);\nup.enterLastname().type(this.data1.Latname);\nup.enterZip().type(this.data1.Zip);\nup.clickContinue().click();\nco.getQuantity(this.data3.Qty);\n// co.getPrice(this.data4.price)\n// co.getTotal().should('be.visible')\nco.getTotal();\nco.clickFinish().click();\nco.verifyCheckoutcomplte().should('have.text', 'THANK YOU FOR YOUR ORDER');\n// co.getQuantity(this.data3.Qty)\n//    const N1= co.getName.type(this.data2[0].Name)\n//     const Q1=co.getQty.type(this.data2[0].Qty)\n//     const Pr=co.getPrice.type(this.data2[0].Price)",
              "err": {
                "message": "AssertionError: expected '0,29.99' to equal 39.98",
                "estack": "AssertionError: expected '0,29.99' to equal 39.98\n    at Context.eval (webpack:///./cypress/Pages/CheckoutOverviewPage.js:37:29)",
                "diff": "- '0,29.99'\n+ 39.98\n"
              },
              "uuid": "fe7051b0-f2d7-46c9-93d4-918cfbb52d2c",
              "parentUUID": "37ce0721-183b-4dc3-9bdf-e64ee29cd09e",
              "isHook": false,
              "skipped": false
            }
          ],
          "suites": [],
          "passes": [],
          "failures": [
            "fe7051b0-f2d7-46c9-93d4-918cfbb52d2c"
          ],
          "pending": [],
          "skipped": [],
          "duration": 3711,
          "root": false,
          "rootEmpty": false,
          "_timeout": 2000
        }
      ],
      "passes": [],
      "failures": [],
      "pending": [],
      "skipped": [],
      "duration": 0,
      "root": true,
      "rootEmpty": true,
      "_timeout": 2000
    }
  ],
  "meta": {
    "mocha": {
      "version": "7.0.1"
    },
    "mochawesome": {
      "options": {
        "quiet": false,
        "reportFilename": "mochawesome",
        "saveHtml": false,
        "saveJson": true,
        "consoleReporter": "spec",
        "useInlineDiffs": false,
        "code": true
      },
      "version": "7.1.3"
    },
    "marge": {
      "options": {
        "chats": true,
        "overwrite": false,
        "html": false,
        "json": true,
        "reportDir": "cypress/reports"
      },
      "version": "6.2.0"
    }
  }
}