{
  "stats": {
    "suites": 1,
    "tests": 1,
    "passes": 0,
    "pending": 0,
    "failures": 1,
    "start": "2023-02-17T11:44:44.999Z",
    "end": "2023-02-17T11:45:46.003Z",
    "duration": 61004,
    "testsRegistered": 1,
    "passPercent": 0,
    "pendingPercent": 0,
    "other": 0,
    "hasOther": false,
    "skipped": 0,
    "hasSkipped": false
  },
  "results": [
    {
      "uuid": "d695d3bc-a06c-42a7-9906-9518350be949",
      "title": "",
      "fullFile": "cypress\\e2e\\VerifyCheckoutOverview.cy.js",
      "file": "cypress\\e2e\\VerifyCheckoutOverview.cy.js",
      "beforeHooks": [],
      "afterHooks": [],
      "tests": [],
      "suites": [
        {
          "uuid": "ceeed739-4f56-4530-b96f-da603a853740",
          "title": "Test suite",
          "fullFile": "",
          "file": "",
          "beforeHooks": [],
          "afterHooks": [],
          "tests": [
            {
              "title": "VerifyUserInformation",
              "fullTitle": "Test suite VerifyUserInformation",
              "timedOut": null,
              "duration": 60827,
              "state": "failed",
              "speed": null,
              "pass": false,
              "fail": true,
              "pending": false,
              "context": null,
              "code": "hp.login(this.data.userName, this.data.password);\nhpp.addTwoProducts();\ncp.getCart().click();\ncp.clickCheckOut().click();\nup.enterFirstname().type(this.data1.Firstname);\nup.enterLastname().type(this.data1.Latname);\nup.enterZip().type(this.data1.Zip);\nup.clickContinue().click();\nco.getQuantity(this.data3.Qty);\n// co.getPrice(this.data4.price)\n// co.getTotal().should('be.visible')\nco.getTotal();\nco.clickFinish().click();\nco.verifyCheckoutcomplte().should('have.text', 'THANK YOU FOR YOUR ORDER');\n// co.getQuantity(this.data3.Qty)\n//    const N1= co.getName.type(this.data2[0].Name)\n//     const Q1=co.getQty.type(this.data2[0].Qty)\n//     const Pr=co.getPrice.type(this.data2[0].Price)",
              "err": {
                "message": "CypressError: Timed out after waiting `60000ms` for your remote page to load.\n\nYour page did not fire its `load` event within `60000ms`.\n\nYou can try increasing the `pageLoadTimeout` value in `cypress.config.js` to wait longer.\n\nBrowsers will not fire the `load` event until all stylesheets and scripts are done downloading.\n\nWhen this `load` event occurs, Cypress will continue running commands.\n\nBecause this error occurred during a `before each` hook we are skipping the remaining tests in the current suite: `Test suite`",
                "estack": "CypressError: Timed out after waiting `60000ms` for your remote page to load.\n\nYour page did not fire its `load` event within `60000ms`.\n\nYou can try increasing the `pageLoadTimeout` value in `cypress.config.js` to wait longer.\n\nBrowsers will not fire the `load` event until all stylesheets and scripts are done downloading.\n\nWhen this `load` event occurs, Cypress will continue running commands.\n\nBecause this error occurred during a `before each` hook we are skipping the remaining tests in the current suite: `Test suite`\n    at timedOutWaitingForPageLoad (https://www.saucedemo.com/__cypress/runner/cypress_runner.js:137290:72)\n    at <unknown> (https://www.saucedemo.com/__cypress/runner/cypress_runner.js:138264:16)\n    at tryCatcher (https://www.saucedemo.com/__cypress/runner/cypress_runner.js:8914:23)\n    at <unknown> (https://www.saucedemo.com/__cypress/runner/cypress_runner.js:4036:41)\n    at tryCatcher (https://www.saucedemo.com/__cypress/runner/cypress_runner.js:8914:23)\n    at Promise._settlePromiseFromHandler (https://www.saucedemo.com/__cypress/runner/cypress_runner.js:6849:31)\n    at Promise._settlePromise (https://www.saucedemo.com/__cypress/runner/cypress_runner.js:6906:18)\n    at Promise._settlePromise0 (https://www.saucedemo.com/__cypress/runner/cypress_runner.js:6951:10)\n    at Promise._settlePromises (https://www.saucedemo.com/__cypress/runner/cypress_runner.js:7027:18)\n    at _drainQueueStep (https://www.saucedemo.com/__cypress/runner/cypress_runner.js:3621:12)\n    at _drainQueue (https://www.saucedemo.com/__cypress/runner/cypress_runner.js:3614:9)\n    at ../../node_modules/bluebird/js/release/async.js.Async._drainQueues (https://www.saucedemo.com/__cypress/runner/cypress_runner.js:3630:5)\n    at Async.drainQueues (https://www.saucedemo.com/__cypress/runner/cypress_runner.js:3500:14)\nFrom Your Spec Code:\n    at Context.eval (webpack:///./cypress/support/commands.js:28:7)",
                "diff": null
              },
              "uuid": "eb075479-f98d-43ce-9908-b1ff3bb03401",
              "parentUUID": "ceeed739-4f56-4530-b96f-da603a853740",
              "isHook": false,
              "skipped": false
            }
          ],
          "suites": [],
          "passes": [],
          "failures": [
            "eb075479-f98d-43ce-9908-b1ff3bb03401"
          ],
          "pending": [],
          "skipped": [],
          "duration": 60827,
          "root": false,
          "rootEmpty": false,
          "_timeout": 2000
        }
      ],
      "passes": [],
      "failures": [],
      "pending": [],
      "skipped": [],
      "duration": 0,
      "root": true,
      "rootEmpty": true,
      "_timeout": 2000
    }
  ],
  "meta": {
    "mocha": {
      "version": "7.0.1"
    },
    "mochawesome": {
      "options": {
        "quiet": false,
        "reportFilename": "mochawesome",
        "saveHtml": false,
        "saveJson": true,
        "consoleReporter": "spec",
        "useInlineDiffs": false,
        "code": true
      },
      "version": "7.1.3"
    },
    "marge": {
      "options": {
        "chats": true,
        "overwrite": false,
        "html": false,
        "json": true,
        "reportDir": "cypress/reports"
      },
      "version": "6.2.0"
    }
  }
}