{
  "stats": {
    "suites": 1,
    "tests": 1,
    "passes": 1,
    "pending": 0,
    "failures": 0,
    "start": "2023-02-17T08:35:55.553Z",
    "end": "2023-02-17T08:36:02.454Z",
    "duration": 6901,
    "testsRegistered": 1,
    "passPercent": 100,
    "pendingPercent": 0,
    "other": 0,
    "hasOther": false,
    "skipped": 0,
    "hasSkipped": false
  },
  "results": [
    {
      "uuid": "1308cd2c-f72d-40b3-bf6a-7bf9702cd75e",
      "title": "",
      "fullFile": "cypress\\e2e\\VerifyCheckoutOverview.cy.js",
      "file": "cypress\\e2e\\VerifyCheckoutOverview.cy.js",
      "beforeHooks": [],
      "afterHooks": [],
      "tests": [],
      "suites": [
        {
          "uuid": "dc6c70ba-46fd-4879-ba18-97a0d7219475",
          "title": "Test suite",
          "fullFile": "",
          "file": "",
          "beforeHooks": [],
          "afterHooks": [],
          "tests": [
            {
              "title": "VerifyUserInformation",
              "fullTitle": "Test suite VerifyUserInformation",
              "timedOut": null,
              "duration": 4460,
              "state": "passed",
              "speed": "fast",
              "pass": true,
              "fail": false,
              "pending": false,
              "context": null,
              "code": "hp.login(this.data.userName, this.data.password);\nhpp.addTwoProducts();\ncp.getCart().click();\ncp.clickCheckOut().click();\nup.enterFirstname().type(this.data1.Firstname);\nup.enterLastname().type(this.data1.Latname);\nup.enterZip().type(this.data1.Zip);\nup.clickContinue().click();\nco.getQuantity(this.data3.Qty);\n// co.getPrice(this.data4.price)\n// co.getTotal().should('be.visible')\nco.getTotal();\nco.clickFinish().click();\nco.verifyCheckoutcomplte().should('have.text', 'THANK YOU FOR YOUR ORDER');\n// co.getQuantity(this.data3.Qty)\n//    const N1= co.getName.type(this.data2[0].Name)\n//     const Q1=co.getQty.type(this.data2[0].Qty)\n//     const Pr=co.getPrice.type(this.data2[0].Price)",
              "err": {},
              "uuid": "790dc988-0104-468e-abd4-6980cb5f442a",
              "parentUUID": "dc6c70ba-46fd-4879-ba18-97a0d7219475",
              "isHook": false,
              "skipped": false
            }
          ],
          "suites": [],
          "passes": [
            "790dc988-0104-468e-abd4-6980cb5f442a"
          ],
          "failures": [],
          "pending": [],
          "skipped": [],
          "duration": 4460,
          "root": false,
          "rootEmpty": false,
          "_timeout": 2000
        }
      ],
      "passes": [],
      "failures": [],
      "pending": [],
      "skipped": [],
      "duration": 0,
      "root": true,
      "rootEmpty": true,
      "_timeout": 2000
    }
  ],
  "meta": {
    "mocha": {
      "version": "7.0.1"
    },
    "mochawesome": {
      "options": {
        "quiet": false,
        "reportFilename": "mochawesome",
        "saveHtml": false,
        "saveJson": true,
        "consoleReporter": "spec",
        "useInlineDiffs": false,
        "code": true
      },
      "version": "7.1.3"
    },
    "marge": {
      "options": {
        "chats": true,
        "overwrite": false,
        "html": false,
        "json": true,
        "reportDir": "cypress/reports"
      },
      "version": "6.2.0"
    }
  }
}