{
  "stats": {
    "suites": 1,
    "tests": 1,
    "passes": 1,
    "pending": 0,
    "failures": 0,
    "start": "2023-02-17T03:35:00.256Z",
    "end": "2023-02-17T03:35:06.363Z",
    "duration": 6107,
    "testsRegistered": 1,
    "passPercent": 100,
    "pendingPercent": 0,
    "other": 0,
    "hasOther": false,
    "skipped": 0,
    "hasSkipped": false
  },
  "results": [
    {
      "uuid": "78dcc8f9-6643-4c03-99f3-ce362effb51d",
      "title": "",
      "fullFile": "cypress\\e2e\\VerifyHomepage.cy.js",
      "file": "cypress\\e2e\\VerifyHomepage.cy.js",
      "beforeHooks": [],
      "afterHooks": [],
      "tests": [],
      "suites": [
        {
          "uuid": "2ac571aa-bb40-4249-b394-f0bd304e3f0e",
          "title": "Test suite",
          "fullFile": "",
          "file": "",
          "beforeHooks": [],
          "afterHooks": [],
          "tests": [
            {
              "title": "Verify Home page",
              "fullTitle": "Test suite Verify Home page",
              "timedOut": null,
              "duration": 2743,
              "state": "passed",
              "speed": "fast",
              "pass": true,
              "fail": false,
              "pending": false,
              "context": null,
              "code": "hp.login(this.data.userName, this.data.password);\n//verifying Homepage\nhpp.validateHomepage().should(\"be.visible\");\n//Adding products to the cart\nhpp.addTwoProducts();\n//verifing items count in the cart\nhpp.validateCart().should('contain', '2');",
              "err": {},
              "uuid": "69114e14-a6eb-477b-843c-2f71355811c7",
              "parentUUID": "2ac571aa-bb40-4249-b394-f0bd304e3f0e",
              "isHook": false,
              "skipped": false
            }
          ],
          "suites": [],
          "passes": [
            "69114e14-a6eb-477b-843c-2f71355811c7"
          ],
          "failures": [],
          "pending": [],
          "skipped": [],
          "duration": 2743,
          "root": false,
          "rootEmpty": false,
          "_timeout": 2000
        }
      ],
      "passes": [],
      "failures": [],
      "pending": [],
      "skipped": [],
      "duration": 0,
      "root": true,
      "rootEmpty": true,
      "_timeout": 2000
    }
  ],
  "meta": {
    "mocha": {
      "version": "7.0.1"
    },
    "mochawesome": {
      "options": {
        "quiet": false,
        "reportFilename": "mochawesome",
        "saveHtml": false,
        "saveJson": true,
        "consoleReporter": "spec",
        "useInlineDiffs": false,
        "code": true
      },
      "version": "7.1.3"
    },
    "marge": {
      "options": {
        "chats": true,
        "overwrite": false,
        "html": false,
        "json": true,
        "reportDir": "cypress/reports"
      },
      "version": "6.2.0"
    }
  }
}